# JRE version: OpenJDK Runtime Environment (17.0.6) (build 17.0.6+0-b2043.56-10027231)
# Java VM: OpenJDK 64-Bit Server VM (17.0.6+0-b2043.56-10027231, mixed mode, tiered, compressed oops, compressed class ptrs, g1 gc, windows-amd64)
GC Precious Log:
 CPUs: 8 total, 8 available
 Memory: 8025M
 Large Page Support: Disabled
 NUMA Support: Disabled
 Compressed Oops: Enabled (32-bit)
 Heap Region Size: 1M
 Heap Min Capacity: 8M
 Heap Initial Capacity: 126M
 Heap Max Capacity: 2G
 Pre-touch: Disabled
 Parallel Workers: 8
 Concurrent Workers: 2
 Concurrent Refinement Workers: 8
 Periodic GC: Disabled
Heap:
 garbage-first heap   total 232448K, used 141879K [0x0000000080000000, 0x0000000100000000)
  region size 1024K, 2 young (2048K), 2 survivors (2048K)
 Metaspace       used 125977K, committed 126720K, reserved 1163264K
  class space    used 16274K, committed 16576K, reserved 1048576K
GC Heap History (20 events):
Event: 25.341 GC heap after
{Heap after GC invocations=44 (full 0):
 garbage-first heap   total 232448K, used 105802K [0x0000000080000000, 0x0000000100000000)
  region size 1024K, 7 young (7168K), 7 survivors (7168K)
 Metaspace       used 86684K, committed 87360K, reserved 1130496K
  class space    used 11465K, committed 11776K, reserved 1048576K
}
Event: 25.415 GC heap before
{Heap before GC invocations=44 (full 0):
 garbage-first heap   total 232448K, used 109898K [0x0000000080000000, 0x0000000100000000)
  region size 1024K, 11 young (11264K), 7 survivors (7168K)
 Metaspace       used 86946K, committed 87552K, reserved 1130496K
  class space    used 11486K, committed 11776K, reserved 1048576K
}
Event: 25.420 GC heap after
{Heap after GC invocations=45 (full 0):
 garbage-first heap   total 232448K, used 104850K [0x0000000080000000, 0x0000000100000000)
  region size 1024K, 1 young (1024K), 1 survivors (1024K)
 Metaspace       used 86946K, committed 87552K, reserved 1130496K
  class space    used 11486K, committed 11776K, reserved 1048576K
}
Event: 27.153 GC heap before
{Heap before GC invocations=45 (full 0):
 garbage-first heap   total 232448K, used 183698K [0x0000000080000000, 0x0000000100000000)
  region size 1024K, 78 young (79872K), 1 survivors (1024K)
 Metaspace       used 93520K, committed 94144K, reserved 1138688K
  class space    used 12237K, committed 12544K, reserved 1048576K
}
Event: 27.160 GC heap after
{Heap after GC invocations=46 (full 0):
 garbage-first heap   total 232448K, used 110017K [0x0000000080000000, 0x0000000100000000)
  region size 1024K, 6 young (6144K), 6 survivors (6144K)
 Metaspace       used 93520K, committed 94144K, reserved 1138688K
  class space    used 12237K, committed 12544K, reserved 1048576K
}
Event: 29.061 GC heap before
{Heap before GC invocations=47 (full 0):
 garbage-first heap   total 232448K, used 185793K [0x0000000080000000, 0x0000000100000000)
  region size 1024K, 80 young (81920K), 6 survivors (6144K)
 Metaspace       used 104260K, committed 104896K, reserved 1146880K
  class space    used 13485K, committed 13760K, reserved 1048576K
}
Event: 29.068 GC heap after
{Heap after GC invocations=48 (full 0):
 garbage-first heap   total 232448K, used 114273K [0x0000000080000000, 0x0000000100000000)
  region size 1024K, 5 young (5120K), 5 survivors (5120K)
 Metaspace       used 104260K, committed 104896K, reserved 1146880K
  class space    used 13485K, committed 13760K, reserved 1048576K
}
Event: 29.145 GC heap before
{Heap before GC invocations=48 (full 0):
 garbage-first heap   total 232448K, used 119393K [0x0000000080000000, 0x0000000100000000)
  region size 1024K, 11 young (11264K), 5 survivors (5120K)
 Metaspace       used 105350K, committed 105984K, reserved 1146880K
  class space    used 13599K, committed 13888K, reserved 1048576K
}
Event: 29.148 GC heap after
{Heap after GC invocations=49 (full 0):
 garbage-first heap   total 232448K, used 114173K [0x0000000080000000, 0x0000000100000000)
  region size 1024K, 1 young (1024K), 1 survivors (1024K)
 Metaspace       used 105350K, committed 105984K, reserved 1146880K
  class space    used 13599K, committed 13888K, reserved 1048576K
}
Event: 30.282 GC heap before
{Heap before GC invocations=49 (full 0):
 garbage-first heap   total 232448K, used 190973K [0x0000000080000000, 0x0000000100000000)
  region size 1024K, 75 young (76800K), 1 survivors (1024K)
 Metaspace       used 109024K, committed 109632K, reserved 1146880K
  class space    used 14001K, committed 14272K, reserved 1048576K
}
Event: 30.289 GC heap after
{Heap after GC invocations=50 (full 0):
 garbage-first heap   total 232448K, used 119976K [0x0000000080000000, 0x0000000100000000)
  region size 1024K, 7 young (7168K), 7 survivors (7168K)
 Metaspace       used 109024K, committed 109632K, reserved 1146880K
  class space    used 14001K, committed 14272K, reserved 1048576K
}
Event: 32.436 GC heap before
{Heap before GC invocations=50 (full 0):
 garbage-first heap   total 232448K, used 189608K [0x0000000080000000, 0x0000000100000000)
  region size 1024K, 76 young (77824K), 7 survivors (7168K)
 Metaspace       used 113375K, committed 114048K, reserved 1155072K
  class space    used 14623K, committed 14912K, reserved 1048576K
}
Event: 32.441 GC heap after
{Heap after GC invocations=51 (full 0):
 garbage-first heap   total 232448K, used 116606K [0x0000000080000000, 0x0000000100000000)
  region size 1024K, 3 young (3072K), 3 survivors (3072K)
 Metaspace       used 113375K, committed 114048K, reserved 1155072K
  class space    used 14623K, committed 14912K, reserved 1048576K
}
Event: 38.020 GC heap before
{Heap before GC invocations=51 (full 0):
 garbage-first heap   total 232448K, used 173950K [0x0000000080000000, 0x0000000100000000)
  region size 1024K, 61 young (62464K), 3 survivors (3072K)
 Metaspace       used 116137K, committed 116864K, reserved 1155072K
  class space    used 14990K, committed 15296K, reserved 1048576K
}
Event: 38.026 GC heap after
{Heap after GC invocations=52 (full 0):
 garbage-first heap   total 232448K, used 120032K [0x0000000080000000, 0x0000000100000000)
  region size 1024K, 6 young (6144K), 6 survivors (6144K)
 Metaspace       used 116137K, committed 116864K, reserved 1155072K
  class space    used 14990K, committed 15296K, reserved 1048576K
}
Event: 40.280 GC heap before
{Heap before GC invocations=53 (full 0):
 garbage-first heap   total 232448K, used 202976K [0x0000000080000000, 0x0000000100000000)
  region size 1024K, 77 young (78848K), 6 survivors (6144K)
 Metaspace       used 125972K, committed 126720K, reserved 1163264K
  class space    used 16274K, committed 16576K, reserved 1048576K
}
Event: 40.322 GC heap after
{Heap after GC invocations=54 (full 0):
 garbage-first heap   total 232448K, used 141124K [0x0000000080000000, 0x0000000100000000)
  region size 1024K, 10 young (10240K), 10 survivors (10240K)
 Metaspace       used 125972K, committed 126720K, reserved 1163264K
  class space    used 16274K, committed 16576K, reserved 1048576K
}
Event: 40.383 GC heap before
{Heap before GC invocations=54 (full 0):
 garbage-first heap   total 232448K, used 145220K [0x0000000080000000, 0x0000000100000000)
  region size 1024K, 11 young (11264K), 10 survivors (10240K)
 Metaspace       used 125972K, committed 126720K, reserved 1163264K
  class space    used 16274K, committed 16576K, reserved 1048576K
}
Event: 40.396 GC heap after
{Heap after GC invocations=55 (full 0):
 garbage-first heap   total 232448K, used 140920K [0x0000000080000000, 0x0000000100000000)
  region size 1024K, 1 young (1024K), 1 survivors (1024K)
 Metaspace       used 125972K, committed 126720K, reserved 1163264K
  class space    used 16274K, committed 16576K, reserved 1048576K
}
Event: 40.445 GC heap before
{Heap before GC invocations=55 (full 0):
 garbage-first heap   total 232448K, used 145016K [0x0000000080000000, 0x0000000100000000)
  region size 1024K, 6 young (6144K), 1 survivors (1024K)
 Metaspace       used 125977K, committed 126720K, reserved 1163264K
  class space    used 16274K, committed 16576K, reserved 1048576K
}

